E:\MEGZ\CUFE\EMBEDDED SYSTEMS\VS DATABASE\NTI\DAY_3\DAY_3\DEBUG\SOURCE.OBJ
E:\MEGZ\CUFE\EMBEDDED SYSTEMS\VS DATABASE\NTI\DAY_3\DAY_3\DEBUG\VC110.PDB
E:\MEGZ\CUFE\EMBEDDED SYSTEMS\VS DATABASE\NTI\DAY_3\DEBUG\DAY_3.ILK
E:\MEGZ\CUFE\EMBEDDED SYSTEMS\VS DATABASE\NTI\DAY_3\DEBUG\DAY_3.EXE
E:\MEGZ\CUFE\EMBEDDED SYSTEMS\VS DATABASE\NTI\DAY_3\DEBUG\DAY_3.PDB
E:\MEGZ\CUFE\Embedded Systems\VS database\NTI\Day_3\Day_3\Debug\Source.obj
E:\MEGZ\CUFE\Embedded Systems\VS database\NTI\Day_3\Day_3\Debug\cl.command.1.tlog
E:\MEGZ\CUFE\Embedded Systems\VS database\NTI\Day_3\Day_3\Debug\CL.read.1.tlog
E:\MEGZ\CUFE\Embedded Systems\VS database\NTI\Day_3\Day_3\Debug\CL.write.1.tlog
E:\MEGZ\CUFE\Embedded Systems\VS database\NTI\Day_3\Day_3\Debug\link-cvtres.read.1.tlog
E:\MEGZ\CUFE\Embedded Systems\VS database\NTI\Day_3\Day_3\Debug\link-cvtres.write.1.tlog
E:\MEGZ\CUFE\Embedded Systems\VS database\NTI\Day_3\Day_3\Debug\link-rc.read.1.tlog
E:\MEGZ\CUFE\Embedded Systems\VS database\NTI\Day_3\Day_3\Debug\link-rc.write.1.tlog
E:\MEGZ\CUFE\Embedded Systems\VS database\NTI\Day_3\Day_3\Debug\link.command.1.tlog
E:\MEGZ\CUFE\Embedded Systems\VS database\NTI\Day_3\Day_3\Debug\link.read.1.tlog
E:\MEGZ\CUFE\Embedded Systems\VS database\NTI\Day_3\Day_3\Debug\link.write.1.tlog
E:\MEGZ\CUFE\Embedded Systems\VS database\NTI\Day_3\Day_3\Debug\vc110.idb
E:\MEGZ\CUFE\Embedded Systems\VS database\NTI\Day_3\Day_3\Debug\vc110.pdb
E:\MEGZ\CUFE\Embedded Systems\VS database\NTI\Day_3\Debug\Day_3.pdb
E:\MEGZ\CUFE\Embedded Systems\VS database\NTI\Day_3\Debug\Day_3.exe
E:\MEGZ\CUFE\Embedded Systems\VS database\NTI\Day_3\Debug\Day_3.ilk
